Using pre-set license
Built from '2021.2/china_unity/release' branch; Version is '2021.2.19f1c1 (7a9ab2b91752) revision 8034994'; Using compiler version '192829333'; Build Type 'Release'
OS: 'Windows 10  (10.0.19044) 64bit CoreCountrySpecific' Language: 'zh' Physical Memory: 16256 MB
BatchMode: 1, IsHumanControllingUs: 0, StartBugReporterOnCrash: 0, Is64bit: 1, IsPro: 1

COMMAND LINE ARGUMENTS:
D:\biancheng\Unity\Unity.IDE\Unity 2021.2.19f1c1\Editor\Unity.exe
-adb2
-batchMode
-noUpm
-name
AssetImportWorker0
-projectPath
D:/biancheng/Unity/Unity.Project/Shader/Shader
-logFile
Logs/AssetImportWorker0.log
-srvPort
9300
Successfully changed project path to: D:/biancheng/Unity/Unity.Project/Shader/Shader
D:/biancheng/Unity/Unity.Project/Shader/Shader
[UnityMemory] Configuration Parameters - Can be set up in boot.config
    "memorysetup-bucket-allocator-granularity=16"
    "memorysetup-bucket-allocator-bucket-count=8"
    "memorysetup-bucket-allocator-block-size=33554432"
    "memorysetup-bucket-allocator-block-count=8"
    "memorysetup-main-allocator-block-size=16777216"
    "memorysetup-thread-allocator-block-size=16777216"
    "memorysetup-gfx-main-allocator-block-size=16777216"
    "memorysetup-gfx-thread-allocator-block-size=16777216"
    "memorysetup-cache-allocator-block-size=4194304"
    "memorysetup-typetree-allocator-block-size=2097152"
    "memorysetup-profiler-bucket-allocator-granularity=16"
    "memorysetup-profiler-bucket-allocator-bucket-count=8"
    "memorysetup-profiler-bucket-allocator-block-size=33554432"
    "memorysetup-profiler-bucket-allocator-block-count=8"
    "memorysetup-profiler-allocator-block-size=16777216"
    "memorysetup-profiler-editor-allocator-block-size=1048576"
    "memorysetup-temp-allocator-size-main=16777216"
    "memorysetup-job-temp-allocator-block-size=2097152"
    "memorysetup-job-temp-allocator-block-size-background=1048576"
    "memorysetup-job-temp-allocator-reduction-small-platforms=262144"
    "memorysetup-temp-allocator-size-background-worker=32768"
    "memorysetup-temp-allocator-size-job-worker=262144"
    "memorysetup-temp-allocator-size-preload-manager=33554432"
    "memorysetup-temp-allocator-size-nav-mesh-worker=65536"
    "memorysetup-temp-allocator-size-audio-worker=65536"
    "memorysetup-temp-allocator-size-cloud-worker=32768"
    "memorysetup-temp-allocator-size-gi-baking-worker=262144"
    "memorysetup-temp-allocator-size-gfx=262144"
AS: AutoStreaming module initializing.
Refreshing native plugins compatible for Editor in 37.25 ms, found 2 plugins.
Preloading 0 native plugins for Editor in 0.00 ms.
Initialize engine version: 2021.2.19f1c1 (7a9ab2b91752)
[Subsystems] Discovering subsystems at path D:/biancheng/Unity/Unity.IDE/Unity 2021.2.19f1c1/Editor/Data/Resources/UnitySubsystems
[Subsystems] Discovering subsystems at path D:/biancheng/Unity/Unity.Project/Shader/Shader/Assets
GfxDevice: creating device client; threaded=0; jobified=0
Direct3D:
    Version:  Direct3D 11.0 [level 11.1]
    Renderer: NVIDIA GeForce GTX 1050 (ID=0x1c91)
    Vendor:   NVIDIA
    VRAM:     2996 MB
    Driver:   27.21.14.5749
Shader 'Unity Shader Book/Chapter11/WaterShader': fallback shader 'Transparent/VertexLIt' not found
Initialize mono
Mono path[0] = 'D:/biancheng/Unity/Unity.IDE/Unity 2021.2.19f1c1/Editor/Data/Managed'
Mono path[1] = 'D:/biancheng/Unity/Unity.IDE/Unity 2021.2.19f1c1/Editor/Data/MonoBleedingEdge/lib/mono/unityjit-win32'
Mono config path = 'D:/biancheng/Unity/Unity.IDE/Unity 2021.2.19f1c1/Editor/Data/MonoBleedingEdge/etc'
Using monoOptions --debugger-agent=transport=dt_socket,embedding=1,server=y,suspend=n,address=127.0.0.1:56624
Begin MonoManager ReloadAssembly
Registering precompiled unity dll's ...
Register platform support module: D:/biancheng/Unity/Unity.IDE/Unity 2021.2.19f1c1/Editor/Data/PlaybackEngines/WindowsStandaloneSupport/UnityEditor.WindowsStandalone.Extensions.dll
Registered in 0.008534 seconds.
Native extension for WindowsStandalone target not found
Refreshing native plugins compatible for Editor in 29.09 ms, found 2 plugins.
Preloading 0 native plugins for Editor in 0.00 ms.
Mono: successfully reloaded assembly
- Completed reload, in  0.783 seconds
Domain Reload Profiling:
	ReloadAssembly (783ms)
		BeginReloadAssembly (151ms)
			ExecutionOrderSort (0ms)
			DisableScriptedObjects (0ms)
			BackupInstance (0ms)
			ReleaseScriptingObjects (0ms)
			CreateAndSetChildDomain (1ms)
		EndReloadAssembly (442ms)
			LoadAssemblies (138ms)
			RebuildTransferFunctionScriptingTraits (0ms)
			SetupTypeCache (111ms)
			ReleaseScriptCaches (0ms)
			RebuildScriptCaches (28ms)
			SetupLoadedEditorAssemblies (227ms)
				LogAssemblyErrors (0ms)
				InitializePlatformSupportModulesInManaged (8ms)
				SetLoadedEditorAssemblies (0ms)
				RefreshPlugins (29ms)
				BeforeProcessingInitializeOnLoad (1ms)
				ProcessInitializeOnLoadAttributes (126ms)
				ProcessInitializeOnLoadMethodAttributes (62ms)
				AfterProcessingInitializeOnLoad (0ms)
				EditorAssembliesLoaded (0ms)
			ExecutionOrderSort2 (0ms)
			AwakeInstancesAfterBackupRestoration (0ms)
Platform modules already initialized, skipping
Registering precompiled user dll's ...
Registered in 0.011174 seconds.
Begin MonoManager ReloadAssembly
Symbol file LoadedFromMemory is not a mono symbol file
Native extension for WindowsStandalone target not found
Refreshing native plugins compatible for Editor in 0.32 ms, found 2 plugins.
Preloading 0 native plugins for Editor in 0.00 ms.
Mono: successfully reloaded assembly
- Completed reload, in  1.130 seconds
Domain Reload Profiling:
	ReloadAssembly (1131ms)
		BeginReloadAssembly (182ms)
			ExecutionOrderSort (0ms)
			DisableScriptedObjects (7ms)
			BackupInstance (0ms)
			ReleaseScriptingObjects (0ms)
			CreateAndSetChildDomain (19ms)
		EndReloadAssembly (752ms)
			LoadAssemblies (151ms)
			RebuildTransferFunctionScriptingTraits (0ms)
			SetupTypeCache (176ms)
			ReleaseScriptCaches (0ms)
			RebuildScriptCaches (47ms)
			SetupLoadedEditorAssemblies (345ms)
				LogAssemblyErrors (0ms)
				InitializePlatformSupportModulesInManaged (6ms)
				SetLoadedEditorAssemblies (0ms)
				RefreshPlugins (0ms)
				BeforeProcessingInitializeOnLoad (79ms)
				ProcessInitializeOnLoadAttributes (203ms)
				ProcessInitializeOnLoadMethodAttributes (25ms)
				AfterProcessingInitializeOnLoad (31ms)
				EditorAssembliesLoaded (0ms)
			ExecutionOrderSort2 (0ms)
			AwakeInstancesAfterBackupRestoration (22ms)
Platform modules already initialized, skipping
========================================================================
Worker process is ready to serve import requests
Shader 'Unity Shader Book/Chapter11/WaterShader': fallback shader 'Transparent/VertexLIt' not found
Launched and connected shader compiler UnityShaderCompiler.exe after 0.06 seconds
Refreshing native plugins compatible for Editor in 0.31 ms, found 2 plugins.
Preloading 0 native plugins for Editor in 0.00 ms.
Unloading 1598 Unused Serialized files (Serialized files now loaded: 0)
Unloading 17 unused Assets / (322.7 KB). Loaded Objects now: 2075.
Memory consumption went from 83.3 MB to 83.0 MB.
Total: 2.552900 ms (FindLiveObjects: 0.157900 ms CreateObjectMapping: 0.076100 ms MarkObjects: 2.136100 ms  DeleteObjects: 0.181800 ms)

AssetImportParameters requested are different than current active one (requested -> active):
  custom:video-decoder-ogg-theora: a1e56fd34408186e4bbccfd4996cb3dc -> 
  custom:container-muxer-webm: aa71ff27fc2769a1b78a27578f13a17b -> 
  custom:container-demuxer-webm: 4f35f7cbe854078d1ac9338744f61a02 -> 
  custom:video-encoder-webm-vp8: eb34c28f22e8b96e1ab97ce403110664 -> 
  custom:video-codec-MediaFoundation-h265: 746d11721c4dcdbdad8f713fa42b33f4 -> 
  custom:audio-encoder-webm-vorbis: bf7c407c2cedff20999df2af8eb42d56 -> 
  custom:framework-win-MediaFoundation: 216162199b28c13a410421893ffa2e32 -> 
  custom:container-demuxer-ogg: 62fdf1f143b41e24485cea50d1cbac27 -> 
  custom:video-decoder-webm-vp8: 9c59270c3fd7afecdb556c50c9e8de78 -> 
  custom:audio-decoder-ogg-vorbis: bf7c407c2cedff20999df2af8eb42d56 -> 
========================================================================
Received Import Request.
  Time since last request: 1491359.060607 seconds.
  path: Assets/Scripts/Translating.cs
  artifactKey: Guid(afae67d1dbb53d445ae40cb0a59b4da5) Importer(815301076,1909f56bfc062723c751e8b465ee728b)
Start importing Assets/Scripts/Translating.cs using Guid(afae67d1dbb53d445ae40cb0a59b4da5) Importer(815301076,1909f56bfc062723c751e8b465ee728b)  -> (artifact id: '5ecda35aeaf6719a730b914be067a090') in 0.061397 seconds 
========================================================================
Received Import Request.
  Time since last request: 9.863986 seconds.
  path: Assets/Scripts/Chapter12/MotionBlur.cs
  artifactKey: Guid(13bd9ec67a50cec41b085b54b8f55a9b) Importer(815301076,1909f56bfc062723c751e8b465ee728b)
Start importing Assets/Scripts/Chapter12/MotionBlur.cs using Guid(13bd9ec67a50cec41b085b54b8f55a9b) Importer(815301076,1909f56bfc062723c751e8b465ee728b)  -> (artifact id: 'c3953cf8a99337226102cc41fae8b0c4') in 0.004226 seconds 
========================================================================
Received Import Request.
  Time since last request: 75.069073 seconds.
  path: Assets/Scripts/Chapter10/ProceduralTextureGeneration.cs
  artifactKey: Guid(ed315c165a67ba4478844d0181cf3d06) Importer(815301076,1909f56bfc062723c751e8b465ee728b)
Start importing Assets/Scripts/Chapter10/ProceduralTextureGeneration.cs using Guid(ed315c165a67ba4478844d0181cf3d06) Importer(815301076,1909f56bfc062723c751e8b465ee728b)  -> (artifact id: 'a38bb7ca8148ef661bbc8f87c86c6273') in 0.002207 seconds 
========================================================================
Received Import Request.
  Time since last request: 35.047166 seconds.
  path: Assets/Scripts/Chapter12/BrightnessSaturationAndContrast.cs
  artifactKey: Guid(745afd8b9e7f091448befbc9f7368c20) Importer(815301076,1909f56bfc062723c751e8b465ee728b)
Start importing Assets/Scripts/Chapter12/BrightnessSaturationAndContrast.cs using Guid(745afd8b9e7f091448befbc9f7368c20) Importer(815301076,1909f56bfc062723c751e8b465ee728b)  -> (artifact id: 'd8e05d6cb8fbd371a3b45cf03196d222') in 0.002765 seconds 
========================================================================
Received Import Request.
  Time since last request: 2.556623 seconds.
  path: Assets/Scripts/Chapter12/EdgeDetection.cs
  artifactKey: Guid(ebe3637d40e37ab4cab0defedfcdf3d3) Importer(815301076,1909f56bfc062723c751e8b465ee728b)
Start importing Assets/Scripts/Chapter12/EdgeDetection.cs using Guid(ebe3637d40e37ab4cab0defedfcdf3d3) Importer(815301076,1909f56bfc062723c751e8b465ee728b)  -> (artifact id: '11134b24caea165e158051afc4dea7ee') in 0.002318 seconds 
